<?xml version="1.0" encoding="UTF-8"?>
<testsuite name="com.kh7160.book.springboot.domain.posts.PostsRepositoryTest" tests="2" skipped="0" failures="0" errors="0" timestamp="2021-01-17T13:58:48" hostname="jang-gihyeog-ui-MacBookPro.local" time="0.019">
  <properties/>
  <testcase name="게시글저장_불러오기" classname="com.kh7160.book.springboot.domain.posts.PostsRepositoryTest" time="0.012"/>
  <testcase name="BaseTimeEntity_등록" classname="com.kh7160.book.springboot.domain.posts.PostsRepositoryTest" time="0.006"/>
  <system-out><![CDATA[2021-01-17 22:58:47.497  INFO 62553 --- [    Test worker] .b.t.c.SpringBootTestContextBootstrapper : Neither @ContextConfiguration nor @ContextHierarchy found for test class [com.kh7160.book.springboot.domain.posts.PostsRepositoryTest], using SpringBootContextLoader
2021-01-17 22:58:47.497  INFO 62553 --- [    Test worker] o.s.t.c.support.AbstractContextLoader    : Could not detect default resource locations for test class [com.kh7160.book.springboot.domain.posts.PostsRepositoryTest]: no resource found for suffixes {-context.xml, Context.groovy}.
2021-01-17 22:58:47.497  INFO 62553 --- [    Test worker] t.c.s.AnnotationConfigContextLoaderUtils : Could not detect default configuration classes for test class [com.kh7160.book.springboot.domain.posts.PostsRepositoryTest]: PostsRepositoryTest does not declare any static, non-private, non-final, nested classes annotated with @Configuration.
2021-01-17 22:58:47.501  INFO 62553 --- [    Test worker] .b.t.c.SpringBootTestContextBootstrapper : Found @SpringBootConfiguration com.kh7160.book.springboot.Application for test class com.kh7160.book.springboot.domain.posts.PostsRepositoryTest
2021-01-17 22:58:47.502  INFO 62553 --- [    Test worker] .b.t.c.SpringBootTestContextBootstrapper : Loaded default TestExecutionListener class names from location [META-INF/spring.factories]: [org.springframework.security.test.context.support.WithSecurityContextTestExecutionListener, org.springframework.security.test.context.support.ReactorContextTestExecutionListener, org.springframework.boot.test.autoconfigure.restdocs.RestDocsTestExecutionListener, org.springframework.boot.test.autoconfigure.web.client.MockRestServiceServerResetTestExecutionListener, org.springframework.boot.test.autoconfigure.web.servlet.MockMvcPrintOnlyOnFailureTestExecutionListener, org.springframework.boot.test.autoconfigure.web.servlet.WebDriverTestExecutionListener, org.springframework.boot.test.mock.mockito.MockitoTestExecutionListener, org.springframework.boot.test.mock.mockito.ResetMocksTestExecutionListener, org.springframework.test.context.web.ServletTestExecutionListener, org.springframework.test.context.support.DirtiesContextBeforeModesTestExecutionListener, org.springframework.test.context.support.DependencyInjectionTestExecutionListener, org.springframework.test.context.support.DirtiesContextTestExecutionListener, org.springframework.test.context.transaction.TransactionalTestExecutionListener, org.springframework.test.context.jdbc.SqlScriptsTestExecutionListener]
2021-01-17 22:58:47.503  INFO 62553 --- [    Test worker] .b.t.c.SpringBootTestContextBootstrapper : Using TestExecutionListeners: [org.springframework.test.context.web.ServletTestExecutionListener@5d84d68c, org.springframework.test.context.support.DirtiesContextBeforeModesTestExecutionListener@433f34e1, org.springframework.boot.test.mock.mockito.MockitoTestExecutionListener@4fb3271d, org.springframework.boot.test.autoconfigure.SpringBootDependencyInjectionTestExecutionListener@5194cfb3, org.springframework.test.context.support.DirtiesContextTestExecutionListener@2a5f53bb, org.springframework.test.context.transaction.TransactionalTestExecutionListener@107df22d, org.springframework.test.context.jdbc.SqlScriptsTestExecutionListener@46a0a4f0, org.springframework.security.test.context.support.WithSecurityContextTestExecutionListener@313e02c0, org.springframework.security.test.context.support.ReactorContextTestExecutionListener@612c5dd7, org.springframework.boot.test.autoconfigure.restdocs.RestDocsTestExecutionListener@1ebf2745, org.springframework.boot.test.autoconfigure.web.client.MockRestServiceServerResetTestExecutionListener@5dfb8746, org.springframework.boot.test.autoconfigure.web.servlet.MockMvcPrintOnlyOnFailureTestExecutionListener@1c92b63b, org.springframework.boot.test.autoconfigure.web.servlet.WebDriverTestExecutionListener@1f53829b, org.springframework.boot.test.mock.mockito.ResetMocksTestExecutionListener@78311b3b]

  .   ____          _            __ _ _
 /\\ / ___'_ __ _ _(_)_ __  __ _ \ \ \ \
( ( )\___ | '_ | '_| | '_ \/ _` | \ \ \ \
 \\/  ___)| |_)| | | | | || (_| |  ) ) ) )
  '  |____| .__|_| |_|_| |_\__, | / / / /
 =========|_|==============|___/=/_/_/_/
 :: Spring Boot ::        (v2.1.7.RELEASE)

2021-01-17 22:58:47.520  INFO 62553 --- [    Test worker] c.k.b.s.d.posts.PostsRepositoryTest      : Starting PostsRepositoryTest on jang-gihyeog-ui-MacBookPro.local with PID 62553 (started by jangkh in /Users/jangkh/freelec-springboot-webservice)
2021-01-17 22:58:47.520  INFO 62553 --- [    Test worker] c.k.b.s.d.posts.PostsRepositoryTest      : No active profile set, falling back to default profiles: default
2021-01-17 22:58:47.633  INFO 62553 --- [    Test worker] .s.d.r.c.RepositoryConfigurationDelegate : Bootstrapping Spring Data repositories in DEFAULT mode.
2021-01-17 22:58:47.643  INFO 62553 --- [    Test worker] .s.d.r.c.RepositoryConfigurationDelegate : Finished Spring Data repository scanning in 10ms. Found 2 repository interfaces.
2021-01-17 22:58:47.711  INFO 62553 --- [    Test worker] trationDelegate$BeanPostProcessorChecker : Bean 'org.springframework.transaction.annotation.ProxyTransactionManagementConfiguration' of type [org.springframework.transaction.annotation.ProxyTransactionManagementConfiguration$$EnhancerBySpringCGLIB$$c84cdfdb] is not eligible for getting processed by all BeanPostProcessors (for example: not eligible for auto-proxying)
2021-01-17 22:58:47.773  INFO 62553 --- [    Test worker] com.zaxxer.hikari.HikariDataSource       : HikariPool-2 - Starting...
2021-01-17 22:58:47.774  INFO 62553 --- [    Test worker] com.zaxxer.hikari.HikariDataSource       : HikariPool-2 - Start completed.
2021-01-17 22:58:47.789  INFO 62553 --- [    Test worker] o.hibernate.jpa.internal.util.LogHelper  : HHH000204: Processing PersistenceUnitInfo [
	name: default
	...]
2021-01-17 22:58:47.793  INFO 62553 --- [    Test worker] org.hibernate.dialect.Dialect            : HHH000400: Using dialect: org.hibernate.dialect.MySQL5InnoDBDialect
Hibernate: drop table if exists posts
Hibernate: drop table if exists user
Hibernate: create table posts (id bigint not null auto_increment, created_date datetime, modified_date datetime, author varchar(255), content TEXT not null, title varchar(500) not null, primary key (id)) engine=InnoDB
Hibernate: create table user (id bigint not null auto_increment, created_date datetime, modified_date datetime, email varchar(255) not null, name varchar(255) not null, picture varchar(255), role varchar(255), primary key (id)) engine=InnoDB
2021-01-17 22:58:47.827  INFO 62553 --- [    Test worker] o.h.t.schema.internal.SchemaCreatorImpl  : HHH000476: Executing import script 'org.hibernate.tool.schema.internal.exec.ScriptSourceInputNonExistentImpl@515eaf29'
2021-01-17 22:58:47.827  INFO 62553 --- [    Test worker] j.LocalContainerEntityManagerFactoryBean : Initialized JPA EntityManagerFactory for persistence unit 'default'
2021-01-17 22:58:47.956  INFO 62553 --- [    Test worker] o.h.h.i.QueryTranslatorFactoryInitiator  : HHH000397: Using ASTQueryTranslatorFactory
2021-01-17 22:58:48.078  INFO 62553 --- [    Test worker] o.s.s.web.DefaultSecurityFilterChain     : Creating filter chain: any request, [org.springframework.security.web.context.request.async.WebAsyncManagerIntegrationFilter@6322e59b, org.springframework.security.web.context.SecurityContextPersistenceFilter@599a893, org.springframework.security.web.header.HeaderWriterFilter@3aad43de, org.springframework.security.web.authentication.logout.LogoutFilter@c14b625, org.springframework.security.oauth2.client.web.OAuth2AuthorizationRequestRedirectFilter@310da0e2, org.springframework.security.oauth2.client.web.OAuth2LoginAuthenticationFilter@135b534, org.springframework.security.web.authentication.ui.DefaultLoginPageGeneratingFilter@44815316, org.springframework.security.web.authentication.ui.DefaultLogoutPageGeneratingFilter@5e8e0152, org.springframework.security.web.savedrequest.RequestCacheAwareFilter@340c0b6f, org.springframework.security.web.servletapi.SecurityContextHolderAwareRequestFilter@646f0d83, org.springframework.security.web.authentication.AnonymousAuthenticationFilter@258a0d1, org.springframework.security.web.session.SessionManagementFilter@552eac14, org.springframework.security.web.access.ExceptionTranslationFilter@639a57d8, org.springframework.security.web.access.intercept.FilterSecurityInterceptor@47df49c4]
2021-01-17 22:58:48.253  INFO 62553 --- [    Test worker] o.s.s.concurrent.ThreadPoolTaskExecutor  : Initializing ExecutorService 'applicationTaskExecutor'
2021-01-17 22:58:48.261  WARN 62553 --- [    Test worker] aWebConfiguration$JpaWebMvcConfiguration : spring.jpa.open-in-view is enabled by default. Therefore, database queries may be performed during view rendering. Explicitly configure spring.jpa.open-in-view to disable this warning
2021-01-17 22:58:48.278  INFO 62553 --- [    Test worker] o.s.b.a.w.s.WelcomePageHandlerMapping    : Adding welcome page template: index
2021-01-17 22:58:48.491  INFO 62553 --- [    Test worker] s.a.ScheduledAnnotationBeanPostProcessor : No TaskScheduler/ScheduledExecutorService bean found for scheduled processing
2021-01-17 22:58:48.492  INFO 62553 --- [    Test worker] c.k.b.s.d.posts.PostsRepositoryTest      : Started PostsRepositoryTest in 0.985 seconds (JVM running for 6.649)
Hibernate: insert into posts (created_date, modified_date, author, content, title) values (?, ?, ?, ?, ?)
Hibernate: select posts0_.id as id1_0_, posts0_.created_date as created_2_0_, posts0_.modified_date as modified3_0_, posts0_.author as author4_0_, posts0_.content as content5_0_, posts0_.title as title6_0_ from posts posts0_
Hibernate: select posts0_.id as id1_0_, posts0_.created_date as created_2_0_, posts0_.modified_date as modified3_0_, posts0_.author as author4_0_, posts0_.content as content5_0_, posts0_.title as title6_0_ from posts posts0_
Hibernate: delete from posts where id=?
Hibernate: insert into posts (created_date, modified_date, author, content, title) values (?, ?, ?, ?, ?)
Hibernate: select posts0_.id as id1_0_, posts0_.created_date as created_2_0_, posts0_.modified_date as modified3_0_, posts0_.author as author4_0_, posts0_.content as content5_0_, posts0_.title as title6_0_ from posts posts0_
Hibernate: select posts0_.id as id1_0_, posts0_.created_date as created_2_0_, posts0_.modified_date as modified3_0_, posts0_.author as author4_0_, posts0_.content as content5_0_, posts0_.title as title6_0_ from posts posts0_
Hibernate: delete from posts where id=?
]]></system-out>
  <system-err><![CDATA[]]></system-err>
</testsuite>
