<?xml version="1.0" encoding="UTF-8"?>
<testsuite name="com.kh7160.book.springboot.web.PostsApiControllerTest" tests="2" skipped="0" failures="0" errors="0" timestamp="2021-01-17T13:58:47" hostname="jang-gihyeog-ui-MacBookPro.local" time="0.21">
  <properties/>
  <testcase name="Posts_등록된다" classname="com.kh7160.book.springboot.web.PostsApiControllerTest" time="0.186"/>
  <testcase name="Posts_수정된다" classname="com.kh7160.book.springboot.web.PostsApiControllerTest" time="0.024"/>
  <system-out><![CDATA[2021-01-17 22:58:47.278  INFO 62553 --- [    Test worker] .b.t.c.SpringBootTestContextBootstrapper : Neither @ContextConfiguration nor @ContextHierarchy found for test class [com.kh7160.book.springboot.web.PostsApiControllerTest], using SpringBootContextLoader
2021-01-17 22:58:47.278  INFO 62553 --- [    Test worker] o.s.t.c.support.AbstractContextLoader    : Could not detect default resource locations for test class [com.kh7160.book.springboot.web.PostsApiControllerTest]: no resource found for suffixes {-context.xml, Context.groovy}.
2021-01-17 22:58:47.278  INFO 62553 --- [    Test worker] t.c.s.AnnotationConfigContextLoaderUtils : Could not detect default configuration classes for test class [com.kh7160.book.springboot.web.PostsApiControllerTest]: PostsApiControllerTest does not declare any static, non-private, non-final, nested classes annotated with @Configuration.
2021-01-17 22:58:47.280  INFO 62553 --- [    Test worker] .b.t.c.SpringBootTestContextBootstrapper : Found @SpringBootConfiguration com.kh7160.book.springboot.Application for test class com.kh7160.book.springboot.web.PostsApiControllerTest
2021-01-17 22:58:47.280  INFO 62553 --- [    Test worker] .b.t.c.SpringBootTestContextBootstrapper : Loaded default TestExecutionListener class names from location [META-INF/spring.factories]: [org.springframework.security.test.context.support.WithSecurityContextTestExecutionListener, org.springframework.security.test.context.support.ReactorContextTestExecutionListener, org.springframework.boot.test.autoconfigure.restdocs.RestDocsTestExecutionListener, org.springframework.boot.test.autoconfigure.web.client.MockRestServiceServerResetTestExecutionListener, org.springframework.boot.test.autoconfigure.web.servlet.MockMvcPrintOnlyOnFailureTestExecutionListener, org.springframework.boot.test.autoconfigure.web.servlet.WebDriverTestExecutionListener, org.springframework.boot.test.mock.mockito.MockitoTestExecutionListener, org.springframework.boot.test.mock.mockito.ResetMocksTestExecutionListener, org.springframework.test.context.web.ServletTestExecutionListener, org.springframework.test.context.support.DirtiesContextBeforeModesTestExecutionListener, org.springframework.test.context.support.DependencyInjectionTestExecutionListener, org.springframework.test.context.support.DirtiesContextTestExecutionListener, org.springframework.test.context.transaction.TransactionalTestExecutionListener, org.springframework.test.context.jdbc.SqlScriptsTestExecutionListener]
2021-01-17 22:58:47.281  INFO 62553 --- [    Test worker] .b.t.c.SpringBootTestContextBootstrapper : Using TestExecutionListeners: [org.springframework.test.context.web.ServletTestExecutionListener@2a9d11c8, org.springframework.test.context.support.DirtiesContextBeforeModesTestExecutionListener@533cf01d, org.springframework.boot.test.mock.mockito.MockitoTestExecutionListener@466a255a, org.springframework.boot.test.autoconfigure.SpringBootDependencyInjectionTestExecutionListener@41d40c81, org.springframework.test.context.support.DirtiesContextTestExecutionListener@3855622, org.springframework.test.context.transaction.TransactionalTestExecutionListener@378de257, org.springframework.test.context.jdbc.SqlScriptsTestExecutionListener@20da5109, org.springframework.security.test.context.support.WithSecurityContextTestExecutionListener@410be197, org.springframework.security.test.context.support.ReactorContextTestExecutionListener@68969bd2, org.springframework.boot.test.autoconfigure.restdocs.RestDocsTestExecutionListener@305143cd, org.springframework.boot.test.autoconfigure.web.client.MockRestServiceServerResetTestExecutionListener@42f11ed7, org.springframework.boot.test.autoconfigure.web.servlet.MockMvcPrintOnlyOnFailureTestExecutionListener@5ce84847, org.springframework.boot.test.autoconfigure.web.servlet.WebDriverTestExecutionListener@fc0003, org.springframework.boot.test.mock.mockito.ResetMocksTestExecutionListener@3a8964fa]
2021-01-17 22:58:47.298  INFO 62553 --- [    Test worker] o.a.c.c.C.[Tomcat].[localhost].[/]       : Initializing Spring TestDispatcherServlet ''
2021-01-17 22:58:47.299  INFO 62553 --- [    Test worker] o.s.t.web.servlet.TestDispatcherServlet  : Initializing Servlet ''
2021-01-17 22:58:47.301  INFO 62553 --- [    Test worker] o.s.t.web.servlet.TestDispatcherServlet  : Completed initialization in 2 ms
Hibernate: insert into posts (created_date, modified_date, author, content, title) values (?, ?, ?, ?, ?)
Hibernate: select posts0_.id as id1_0_, posts0_.created_date as created_2_0_, posts0_.modified_date as modified3_0_, posts0_.author as author4_0_, posts0_.content as content5_0_, posts0_.title as title6_0_ from posts posts0_
Hibernate: select posts0_.id as id1_0_, posts0_.created_date as created_2_0_, posts0_.modified_date as modified3_0_, posts0_.author as author4_0_, posts0_.content as content5_0_, posts0_.title as title6_0_ from posts posts0_
Hibernate: delete from posts where id=?
2021-01-17 22:58:47.473  INFO 62553 --- [    Test worker] o.a.c.c.C.[Tomcat].[localhost].[/]       : Initializing Spring TestDispatcherServlet ''
2021-01-17 22:58:47.473  INFO 62553 --- [    Test worker] o.s.t.web.servlet.TestDispatcherServlet  : Initializing Servlet ''
2021-01-17 22:58:47.475  INFO 62553 --- [    Test worker] o.s.t.web.servlet.TestDispatcherServlet  : Completed initialization in 2 ms
Hibernate: insert into posts (created_date, modified_date, author, content, title) values (?, ?, ?, ?, ?)
Hibernate: select posts0_.id as id1_0_0_, posts0_.created_date as created_2_0_0_, posts0_.modified_date as modified3_0_0_, posts0_.author as author4_0_0_, posts0_.content as content5_0_0_, posts0_.title as title6_0_0_ from posts posts0_ where posts0_.id=?
Hibernate: update posts set created_date=?, modified_date=?, author=?, content=?, title=? where id=?
Hibernate: select posts0_.id as id1_0_, posts0_.created_date as created_2_0_, posts0_.modified_date as modified3_0_, posts0_.author as author4_0_, posts0_.content as content5_0_, posts0_.title as title6_0_ from posts posts0_
Hibernate: select posts0_.id as id1_0_, posts0_.created_date as created_2_0_, posts0_.modified_date as modified3_0_, posts0_.author as author4_0_, posts0_.content as content5_0_, posts0_.title as title6_0_ from posts posts0_
Hibernate: delete from posts where id=?
]]></system-out>
  <system-err><![CDATA[]]></system-err>
</testsuite>
