<?xml version="1.0" encoding="UTF-8"?>
<testsuite name="com.kh7160.book.springboot.web.PostsApiControllerTest" tests="2" skipped="0" failures="0" errors="0" timestamp="2021-01-16T06:30:24" hostname="jang-gihyeog-ui-MacBookPro.local" time="0.249">
  <properties/>
  <testcase name="Posts_등록된다" classname="com.kh7160.book.springboot.web.PostsApiControllerTest" time="0.221"/>
  <testcase name="Posts_수정된다" classname="com.kh7160.book.springboot.web.PostsApiControllerTest" time="0.027"/>
  <system-out><![CDATA[2021-01-16 15:30:24.395  INFO 75166 --- [    Test worker] .b.t.c.SpringBootTestContextBootstrapper : Neither @ContextConfiguration nor @ContextHierarchy found for test class [com.kh7160.book.springboot.web.PostsApiControllerTest], using SpringBootContextLoader
2021-01-16 15:30:24.396  INFO 75166 --- [    Test worker] o.s.t.c.support.AbstractContextLoader    : Could not detect default resource locations for test class [com.kh7160.book.springboot.web.PostsApiControllerTest]: no resource found for suffixes {-context.xml, Context.groovy}.
2021-01-16 15:30:24.396  INFO 75166 --- [    Test worker] t.c.s.AnnotationConfigContextLoaderUtils : Could not detect default configuration classes for test class [com.kh7160.book.springboot.web.PostsApiControllerTest]: PostsApiControllerTest does not declare any static, non-private, non-final, nested classes annotated with @Configuration.
2021-01-16 15:30:24.398  INFO 75166 --- [    Test worker] .b.t.c.SpringBootTestContextBootstrapper : Found @SpringBootConfiguration com.kh7160.book.springboot.Application for test class com.kh7160.book.springboot.web.PostsApiControllerTest
2021-01-16 15:30:24.399  INFO 75166 --- [    Test worker] .b.t.c.SpringBootTestContextBootstrapper : Loaded default TestExecutionListener class names from location [META-INF/spring.factories]: [org.springframework.security.test.context.support.WithSecurityContextTestExecutionListener, org.springframework.security.test.context.support.ReactorContextTestExecutionListener, org.springframework.boot.test.autoconfigure.restdocs.RestDocsTestExecutionListener, org.springframework.boot.test.autoconfigure.web.client.MockRestServiceServerResetTestExecutionListener, org.springframework.boot.test.autoconfigure.web.servlet.MockMvcPrintOnlyOnFailureTestExecutionListener, org.springframework.boot.test.autoconfigure.web.servlet.WebDriverTestExecutionListener, org.springframework.boot.test.mock.mockito.MockitoTestExecutionListener, org.springframework.boot.test.mock.mockito.ResetMocksTestExecutionListener, org.springframework.test.context.web.ServletTestExecutionListener, org.springframework.test.context.support.DirtiesContextBeforeModesTestExecutionListener, org.springframework.test.context.support.DependencyInjectionTestExecutionListener, org.springframework.test.context.support.DirtiesContextTestExecutionListener, org.springframework.test.context.transaction.TransactionalTestExecutionListener, org.springframework.test.context.jdbc.SqlScriptsTestExecutionListener]
2021-01-16 15:30:24.399  INFO 75166 --- [    Test worker] .b.t.c.SpringBootTestContextBootstrapper : Using TestExecutionListeners: [org.springframework.test.context.web.ServletTestExecutionListener@4d650a97, org.springframework.test.context.support.DirtiesContextBeforeModesTestExecutionListener@320159ff, org.springframework.boot.test.mock.mockito.MockitoTestExecutionListener@6c3e5ad6, org.springframework.boot.test.autoconfigure.SpringBootDependencyInjectionTestExecutionListener@704d8936, org.springframework.test.context.support.DirtiesContextTestExecutionListener@1519041a, org.springframework.test.context.transaction.TransactionalTestExecutionListener@2def69e7, org.springframework.test.context.jdbc.SqlScriptsTestExecutionListener@33196e66, org.springframework.security.test.context.support.WithSecurityContextTestExecutionListener@2f01550a, org.springframework.security.test.context.support.ReactorContextTestExecutionListener@72e5bd24, org.springframework.boot.test.autoconfigure.restdocs.RestDocsTestExecutionListener@241352ce, org.springframework.boot.test.autoconfigure.web.client.MockRestServiceServerResetTestExecutionListener@5c817274, org.springframework.boot.test.autoconfigure.web.servlet.MockMvcPrintOnlyOnFailureTestExecutionListener@790dd5eb, org.springframework.boot.test.autoconfigure.web.servlet.WebDriverTestExecutionListener@26de4b73, org.springframework.boot.test.mock.mockito.ResetMocksTestExecutionListener@1865f844]
2021-01-16 15:30:24.417  INFO 75166 --- [    Test worker] o.a.c.c.C.[Tomcat].[localhost].[/]       : Initializing Spring TestDispatcherServlet ''
2021-01-16 15:30:24.417  INFO 75166 --- [    Test worker] o.s.t.web.servlet.TestDispatcherServlet  : Initializing Servlet ''
2021-01-16 15:30:24.420  INFO 75166 --- [    Test worker] o.s.t.web.servlet.TestDispatcherServlet  : Completed initialization in 3 ms
Hibernate: insert into posts (created_date, modified_date, author, content, title) values (?, ?, ?, ?, ?)
Hibernate: select posts0_.id as id1_0_, posts0_.created_date as created_2_0_, posts0_.modified_date as modified3_0_, posts0_.author as author4_0_, posts0_.content as content5_0_, posts0_.title as title6_0_ from posts posts0_
Hibernate: select posts0_.id as id1_0_, posts0_.created_date as created_2_0_, posts0_.modified_date as modified3_0_, posts0_.author as author4_0_, posts0_.content as content5_0_, posts0_.title as title6_0_ from posts posts0_
Hibernate: delete from posts where id=?
2021-01-16 15:30:24.626  INFO 75166 --- [    Test worker] o.a.c.c.C.[Tomcat].[localhost].[/]       : Initializing Spring TestDispatcherServlet ''
2021-01-16 15:30:24.626  INFO 75166 --- [    Test worker] o.s.t.web.servlet.TestDispatcherServlet  : Initializing Servlet ''
2021-01-16 15:30:24.629  INFO 75166 --- [    Test worker] o.s.t.web.servlet.TestDispatcherServlet  : Completed initialization in 3 ms
Hibernate: insert into posts (created_date, modified_date, author, content, title) values (?, ?, ?, ?, ?)
Hibernate: select posts0_.id as id1_0_0_, posts0_.created_date as created_2_0_0_, posts0_.modified_date as modified3_0_0_, posts0_.author as author4_0_0_, posts0_.content as content5_0_0_, posts0_.title as title6_0_0_ from posts posts0_ where posts0_.id=?
Hibernate: update posts set created_date=?, modified_date=?, author=?, content=?, title=? where id=?
Hibernate: select posts0_.id as id1_0_, posts0_.created_date as created_2_0_, posts0_.modified_date as modified3_0_, posts0_.author as author4_0_, posts0_.content as content5_0_, posts0_.title as title6_0_ from posts posts0_
Hibernate: select posts0_.id as id1_0_, posts0_.created_date as created_2_0_, posts0_.modified_date as modified3_0_, posts0_.author as author4_0_, posts0_.content as content5_0_, posts0_.title as title6_0_ from posts posts0_
Hibernate: delete from posts where id=?
]]></system-out>
  <system-err><![CDATA[]]></system-err>
</testsuite>
