<?xml version="1.0" encoding="UTF-8"?>
<testsuite name="com.kh7160.book.springboot.web.IndexControllerTest" tests="1" skipped="0" failures="0" errors="0" timestamp="2021-01-17T13:58:46" hostname="jang-gihyeog-ui-MacBookPro.local" time="0.309">
  <properties/>
  <testcase name="메인페이지_로딩" classname="com.kh7160.book.springboot.web.IndexControllerTest" time="0.309"/>
  <system-out><![CDATA[22:58:42.260 [Test worker] DEBUG org.springframework.test.context.junit4.SpringJUnit4ClassRunner - SpringJUnit4ClassRunner constructor called with [class com.kh7160.book.springboot.web.IndexControllerTest]
22:58:42.266 [Test worker] DEBUG org.springframework.test.context.BootstrapUtils - Instantiating CacheAwareContextLoaderDelegate from class [org.springframework.test.context.cache.DefaultCacheAwareContextLoaderDelegate]
22:58:42.271 [Test worker] DEBUG org.springframework.test.context.BootstrapUtils - Instantiating BootstrapContext using constructor [public org.springframework.test.context.support.DefaultBootstrapContext(java.lang.Class,org.springframework.test.context.CacheAwareContextLoaderDelegate)]
22:58:42.284 [Test worker] DEBUG org.springframework.test.context.BootstrapUtils - Instantiating TestContextBootstrapper for test class [com.kh7160.book.springboot.web.IndexControllerTest] from class [org.springframework.boot.test.context.SpringBootTestContextBootstrapper]
22:58:42.292 [Test worker] INFO org.springframework.boot.test.context.SpringBootTestContextBootstrapper - Neither @ContextConfiguration nor @ContextHierarchy found for test class [com.kh7160.book.springboot.web.IndexControllerTest], using SpringBootContextLoader
22:58:42.295 [Test worker] DEBUG org.springframework.test.context.support.AbstractContextLoader - Did not detect default resource location for test class [com.kh7160.book.springboot.web.IndexControllerTest]: class path resource [com/kh7160/book/springboot/web/IndexControllerTest-context.xml] does not exist
22:58:42.295 [Test worker] DEBUG org.springframework.test.context.support.AbstractContextLoader - Did not detect default resource location for test class [com.kh7160.book.springboot.web.IndexControllerTest]: class path resource [com/kh7160/book/springboot/web/IndexControllerTestContext.groovy] does not exist
22:58:42.295 [Test worker] INFO org.springframework.test.context.support.AbstractContextLoader - Could not detect default resource locations for test class [com.kh7160.book.springboot.web.IndexControllerTest]: no resource found for suffixes {-context.xml, Context.groovy}.
22:58:42.296 [Test worker] INFO org.springframework.test.context.support.AnnotationConfigContextLoaderUtils - Could not detect default configuration classes for test class [com.kh7160.book.springboot.web.IndexControllerTest]: IndexControllerTest does not declare any static, non-private, non-final, nested classes annotated with @Configuration.
22:58:42.322 [Test worker] DEBUG org.springframework.test.context.support.ActiveProfilesUtils - Could not find an 'annotation declaring class' for annotation type [org.springframework.test.context.ActiveProfiles] and class [com.kh7160.book.springboot.web.IndexControllerTest]
22:58:42.383 [Test worker] DEBUG org.springframework.context.annotation.ClassPathScanningCandidateComponentProvider - Identified candidate component class: file [/Users/jangkh/freelec-springboot-webservice/build/classes/java/main/com/kh7160/book/springboot/Application.class]
22:58:42.384 [Test worker] INFO org.springframework.boot.test.context.SpringBootTestContextBootstrapper - Found @SpringBootConfiguration com.kh7160.book.springboot.Application for test class com.kh7160.book.springboot.web.IndexControllerTest
22:58:42.457 [Test worker] DEBUG org.springframework.boot.test.context.SpringBootTestContextBootstrapper - @TestExecutionListeners is not present for class [com.kh7160.book.springboot.web.IndexControllerTest]: using defaults.
22:58:42.458 [Test worker] INFO org.springframework.boot.test.context.SpringBootTestContextBootstrapper - Loaded default TestExecutionListener class names from location [META-INF/spring.factories]: [org.springframework.security.test.context.support.WithSecurityContextTestExecutionListener, org.springframework.security.test.context.support.ReactorContextTestExecutionListener, org.springframework.boot.test.autoconfigure.restdocs.RestDocsTestExecutionListener, org.springframework.boot.test.autoconfigure.web.client.MockRestServiceServerResetTestExecutionListener, org.springframework.boot.test.autoconfigure.web.servlet.MockMvcPrintOnlyOnFailureTestExecutionListener, org.springframework.boot.test.autoconfigure.web.servlet.WebDriverTestExecutionListener, org.springframework.boot.test.mock.mockito.MockitoTestExecutionListener, org.springframework.boot.test.mock.mockito.ResetMocksTestExecutionListener, org.springframework.test.context.web.ServletTestExecutionListener, org.springframework.test.context.support.DirtiesContextBeforeModesTestExecutionListener, org.springframework.test.context.support.DependencyInjectionTestExecutionListener, org.springframework.test.context.support.DirtiesContextTestExecutionListener, org.springframework.test.context.transaction.TransactionalTestExecutionListener, org.springframework.test.context.jdbc.SqlScriptsTestExecutionListener]
22:58:42.469 [Test worker] INFO org.springframework.boot.test.context.SpringBootTestContextBootstrapper - Using TestExecutionListeners: [org.springframework.test.context.web.ServletTestExecutionListener@52751f8d, org.springframework.test.context.support.DirtiesContextBeforeModesTestExecutionListener@4db12078, org.springframework.boot.test.mock.mockito.MockitoTestExecutionListener@5faab250, org.springframework.boot.test.autoconfigure.SpringBootDependencyInjectionTestExecutionListener@1378fa65, org.springframework.test.context.support.DirtiesContextTestExecutionListener@690b06f0, org.springframework.test.context.transaction.TransactionalTestExecutionListener@2d7d4949, org.springframework.test.context.jdbc.SqlScriptsTestExecutionListener@274f4684, org.springframework.security.test.context.support.WithSecurityContextTestExecutionListener@73303bda, org.springframework.security.test.context.support.ReactorContextTestExecutionListener@42bd9fca, org.springframework.boot.test.autoconfigure.restdocs.RestDocsTestExecutionListener@54da1d5, org.springframework.boot.test.autoconfigure.web.client.MockRestServiceServerResetTestExecutionListener@586bac9e, org.springframework.boot.test.autoconfigure.web.servlet.MockMvcPrintOnlyOnFailureTestExecutionListener@2af7b2a2, org.springframework.boot.test.autoconfigure.web.servlet.WebDriverTestExecutionListener@41a2bf9, org.springframework.boot.test.mock.mockito.ResetMocksTestExecutionListener@6cb161a6]
22:58:42.471 [Test worker] DEBUG org.springframework.test.annotation.ProfileValueUtils - Retrieved @ProfileValueSourceConfiguration [null] for test class [com.kh7160.book.springboot.web.IndexControllerTest]
22:58:42.472 [Test worker] DEBUG org.springframework.test.annotation.ProfileValueUtils - Retrieved ProfileValueSource type [class org.springframework.test.annotation.SystemProfileValueSource] for class [com.kh7160.book.springboot.web.IndexControllerTest]
22:58:42.472 [Test worker] DEBUG org.springframework.test.annotation.ProfileValueUtils - Retrieved @ProfileValueSourceConfiguration [null] for test class [com.kh7160.book.springboot.web.IndexControllerTest]
22:58:42.472 [Test worker] DEBUG org.springframework.test.annotation.ProfileValueUtils - Retrieved ProfileValueSource type [class org.springframework.test.annotation.SystemProfileValueSource] for class [com.kh7160.book.springboot.web.IndexControllerTest]
22:58:42.475 [Test worker] DEBUG org.springframework.test.context.support.AbstractDirtiesContextTestExecutionListener - Before test class: context [DefaultTestContext@28927587 testClass = IndexControllerTest, testInstance = [null], testMethod = [null], testException = [null], mergedContextConfiguration = [WebMergedContextConfiguration@58b0bcee testClass = IndexControllerTest, locations = '{}', classes = '{class com.kh7160.book.springboot.Application}', contextInitializerClasses = '[]', activeProfiles = '{}', propertySourceLocations = '{}', propertySourceProperties = '{org.springframework.boot.test.context.SpringBootTestContextBootstrapper=true, server.port=0}', contextCustomizers = set[org.springframework.boot.test.autoconfigure.properties.PropertyMappingContextCustomizer@0, org.springframework.boot.test.autoconfigure.web.servlet.WebDriverContextCustomizerFactory$Customizer@4611f2f0, org.springframework.boot.test.context.filter.ExcludeFilterContextCustomizer@4df783ba, org.springframework.boot.test.json.DuplicateJsonObjectContextCustomizerFactory$DuplicateJsonObjectContextCustomizer@56ebe082, org.springframework.boot.test.mock.mockito.MockitoContextCustomizer@0, org.springframework.boot.test.web.client.TestRestTemplateContextCustomizer@3b263b2b], resourceBasePath = 'src/main/webapp', contextLoader = 'org.springframework.boot.test.context.SpringBootContextLoader', parent = [null]], attributes = map['org.springframework.test.context.web.ServletTestExecutionListener.activateListener' -> false]], class annotated with @DirtiesContext [false] with mode [null].
22:58:42.476 [Test worker] DEBUG org.springframework.test.annotation.ProfileValueUtils - Retrieved @ProfileValueSourceConfiguration [null] for test class [com.kh7160.book.springboot.web.IndexControllerTest]
22:58:42.476 [Test worker] DEBUG org.springframework.test.annotation.ProfileValueUtils - Retrieved ProfileValueSource type [class org.springframework.test.annotation.SystemProfileValueSource] for class [com.kh7160.book.springboot.web.IndexControllerTest]
22:58:42.478 [Test worker] DEBUG org.springframework.test.context.support.DependencyInjectionTestExecutionListener - Performing dependency injection for test context [[DefaultTestContext@28927587 testClass = IndexControllerTest, testInstance = com.kh7160.book.springboot.web.IndexControllerTest@2eeb5fc6, testMethod = [null], testException = [null], mergedContextConfiguration = [WebMergedContextConfiguration@58b0bcee testClass = IndexControllerTest, locations = '{}', classes = '{class com.kh7160.book.springboot.Application}', contextInitializerClasses = '[]', activeProfiles = '{}', propertySourceLocations = '{}', propertySourceProperties = '{org.springframework.boot.test.context.SpringBootTestContextBootstrapper=true, server.port=0}', contextCustomizers = set[org.springframework.boot.test.autoconfigure.properties.PropertyMappingContextCustomizer@0, org.springframework.boot.test.autoconfigure.web.servlet.WebDriverContextCustomizerFactory$Customizer@4611f2f0, org.springframework.boot.test.context.filter.ExcludeFilterContextCustomizer@4df783ba, org.springframework.boot.test.json.DuplicateJsonObjectContextCustomizerFactory$DuplicateJsonObjectContextCustomizer@56ebe082, org.springframework.boot.test.mock.mockito.MockitoContextCustomizer@0, org.springframework.boot.test.web.client.TestRestTemplateContextCustomizer@3b263b2b], resourceBasePath = 'src/main/webapp', contextLoader = 'org.springframework.boot.test.context.SpringBootContextLoader', parent = [null]], attributes = map['org.springframework.test.context.web.ServletTestExecutionListener.activateListener' -> false]]].
22:58:42.490 [Test worker] DEBUG org.springframework.test.context.support.TestPropertySourceUtils - Adding inlined properties to environment: {spring.jmx.enabled=false, org.springframework.boot.test.context.SpringBootTestContextBootstrapper=true, server.port=0}

  .   ____          _            __ _ _
 /\\ / ___'_ __ _ _(_)_ __  __ _ \ \ \ \
( ( )\___ | '_ | '_| | '_ \/ _` | \ \ \ \
 \\/  ___)| |_)| | | | | || (_| |  ) ) ) )
  '  |____| .__|_| |_|_| |_\__, | / / / /
 =========|_|==============|___/=/_/_/_/
 :: Spring Boot ::        (v2.1.7.RELEASE)

2021-01-17 22:58:42.800  INFO 62553 --- [    Test worker] c.k.b.s.web.IndexControllerTest          : Starting IndexControllerTest on jang-gihyeog-ui-MacBookPro.local with PID 62553 (started by jangkh in /Users/jangkh/freelec-springboot-webservice)
2021-01-17 22:58:42.801  INFO 62553 --- [    Test worker] c.k.b.s.web.IndexControllerTest          : No active profile set, falling back to default profiles: default
2021-01-17 22:58:43.296  INFO 62553 --- [    Test worker] .s.d.r.c.RepositoryConfigurationDelegate : Bootstrapping Spring Data repositories in DEFAULT mode.
2021-01-17 22:58:43.358  INFO 62553 --- [    Test worker] .s.d.r.c.RepositoryConfigurationDelegate : Finished Spring Data repository scanning in 55ms. Found 2 repository interfaces.
2021-01-17 22:58:43.697  INFO 62553 --- [    Test worker] trationDelegate$BeanPostProcessorChecker : Bean 'org.springframework.transaction.annotation.ProxyTransactionManagementConfiguration' of type [org.springframework.transaction.annotation.ProxyTransactionManagementConfiguration$$EnhancerBySpringCGLIB$$c84cdfdb] is not eligible for getting processed by all BeanPostProcessors (for example: not eligible for auto-proxying)
2021-01-17 22:58:43.987  INFO 62553 --- [    Test worker] o.s.b.w.embedded.tomcat.TomcatWebServer  : Tomcat initialized with port(s): 0 (http)
2021-01-17 22:58:44.009  INFO 62553 --- [    Test worker] o.apache.catalina.core.StandardService   : Starting service [Tomcat]
2021-01-17 22:58:44.010  INFO 62553 --- [    Test worker] org.apache.catalina.core.StandardEngine  : Starting Servlet engine: [Apache Tomcat/9.0.22]
2021-01-17 22:58:44.094  INFO 62553 --- [    Test worker] o.a.c.c.C.[Tomcat].[localhost].[/]       : Initializing Spring embedded WebApplicationContext
2021-01-17 22:58:44.094  INFO 62553 --- [    Test worker] o.s.web.context.ContextLoader            : Root WebApplicationContext: initialization completed in 1282 ms
2021-01-17 22:58:44.297  INFO 62553 --- [    Test worker] com.zaxxer.hikari.HikariDataSource       : HikariPool-1 - Starting...
2021-01-17 22:58:44.433  INFO 62553 --- [    Test worker] com.zaxxer.hikari.HikariDataSource       : HikariPool-1 - Start completed.
2021-01-17 22:58:44.512  INFO 62553 --- [    Test worker] o.hibernate.jpa.internal.util.LogHelper  : HHH000204: Processing PersistenceUnitInfo [
	name: default
	...]
2021-01-17 22:58:44.578  INFO 62553 --- [    Test worker] org.hibernate.Version                    : HHH000412: Hibernate Core {5.3.10.Final}
2021-01-17 22:58:44.579  INFO 62553 --- [    Test worker] org.hibernate.cfg.Environment            : HHH000206: hibernate.properties not found
2021-01-17 22:58:44.692  INFO 62553 --- [    Test worker] o.hibernate.annotations.common.Version   : HCANN000001: Hibernate Commons Annotations {5.0.4.Final}
2021-01-17 22:58:44.792  INFO 62553 --- [    Test worker] org.hibernate.dialect.Dialect            : HHH000400: Using dialect: org.hibernate.dialect.MySQL5InnoDBDialect
Hibernate: drop table if exists posts
Hibernate: drop table if exists user
Hibernate: create table posts (id bigint not null auto_increment, created_date datetime, modified_date datetime, author varchar(255), content TEXT not null, title varchar(500) not null, primary key (id)) engine=InnoDB
Hibernate: create table user (id bigint not null auto_increment, created_date datetime, modified_date datetime, email varchar(255) not null, name varchar(255) not null, picture varchar(255), role varchar(255), primary key (id)) engine=InnoDB
2021-01-17 22:58:45.312  INFO 62553 --- [    Test worker] o.h.t.schema.internal.SchemaCreatorImpl  : HHH000476: Executing import script 'org.hibernate.tool.schema.internal.exec.ScriptSourceInputNonExistentImpl@515eaf29'
2021-01-17 22:58:45.314  INFO 62553 --- [    Test worker] j.LocalContainerEntityManagerFactoryBean : Initialized JPA EntityManagerFactory for persistence unit 'default'
2021-01-17 22:58:45.952  INFO 62553 --- [    Test worker] o.h.h.i.QueryTranslatorFactoryInitiator  : HHH000397: Using ASTQueryTranslatorFactory
2021-01-17 22:58:46.254  INFO 62553 --- [    Test worker] o.s.s.web.DefaultSecurityFilterChain     : Creating filter chain: any request, [org.springframework.security.web.context.request.async.WebAsyncManagerIntegrationFilter@7412317, org.springframework.security.web.context.SecurityContextPersistenceFilter@399c5d01, org.springframework.security.web.header.HeaderWriterFilter@4995ea3b, org.springframework.security.web.authentication.logout.LogoutFilter@5fd3d969, org.springframework.security.oauth2.client.web.OAuth2AuthorizationRequestRedirectFilter@788b94b7, org.springframework.security.oauth2.client.web.OAuth2LoginAuthenticationFilter@1b2b8f01, org.springframework.security.web.authentication.ui.DefaultLoginPageGeneratingFilter@43b23665, org.springframework.security.web.authentication.ui.DefaultLogoutPageGeneratingFilter@28ee9755, org.springframework.security.web.savedrequest.RequestCacheAwareFilter@b4b7f08, org.springframework.security.web.servletapi.SecurityContextHolderAwareRequestFilter@35b3285d, org.springframework.security.web.authentication.AnonymousAuthenticationFilter@d3587f5, org.springframework.security.web.session.SessionManagementFilter@2b9ad06e, org.springframework.security.web.access.ExceptionTranslationFilter@6cbbc69, org.springframework.security.web.access.intercept.FilterSecurityInterceptor@5dd4b1c8]
2021-01-17 22:58:46.517  INFO 62553 --- [    Test worker] o.s.s.concurrent.ThreadPoolTaskExecutor  : Initializing ExecutorService 'applicationTaskExecutor'
2021-01-17 22:58:46.568  WARN 62553 --- [    Test worker] aWebConfiguration$JpaWebMvcConfiguration : spring.jpa.open-in-view is enabled by default. Therefore, database queries may be performed during view rendering. Explicitly configure spring.jpa.open-in-view to disable this warning
2021-01-17 22:58:46.614  INFO 62553 --- [    Test worker] o.s.b.a.w.s.WelcomePageHandlerMapping    : Adding welcome page template: index
2021-01-17 22:58:46.928  INFO 62553 --- [    Test worker] s.a.ScheduledAnnotationBeanPostProcessor : No TaskScheduler/ScheduledExecutorService bean found for scheduled processing
2021-01-17 22:58:46.953  INFO 62553 --- [    Test worker] o.s.b.w.embedded.tomcat.TomcatWebServer  : Tomcat started on port(s): 59309 (http) with context path ''
2021-01-17 22:58:46.956  INFO 62553 --- [    Test worker] c.k.b.s.web.IndexControllerTest          : Started IndexControllerTest in 4.464 seconds (JVM running for 5.113)
2021-01-17 22:58:47.094  INFO 62553 --- [o-auto-1-exec-1] o.a.c.c.C.[Tomcat].[localhost].[/]       : Initializing Spring DispatcherServlet 'dispatcherServlet'
2021-01-17 22:58:47.094  INFO 62553 --- [o-auto-1-exec-1] o.s.web.servlet.DispatcherServlet        : Initializing Servlet 'dispatcherServlet'
2021-01-17 22:58:47.111  INFO 62553 --- [o-auto-1-exec-1] o.s.web.servlet.DispatcherServlet        : Completed initialization in 17 ms
Hibernate: select posts0_.id as id1_0_, posts0_.created_date as created_2_0_, posts0_.modified_date as modified3_0_, posts0_.author as author4_0_, posts0_.content as content5_0_, posts0_.title as title6_0_ from posts posts0_ order by posts0_.id DESC
]]></system-out>
  <system-err><![CDATA[]]></system-err>
</testsuite>
