<?xml version="1.0" encoding="UTF-8"?>
<testsuite name="com.kh7160.book.springboot.web.IndexControllerTest" tests="1" skipped="0" failures="0" errors="0" timestamp="2021-01-16T06:30:24" hostname="jang-gihyeog-ui-MacBookPro.local" time="0.316">
  <properties/>
  <testcase name="메인페이지_로딩" classname="com.kh7160.book.springboot.web.IndexControllerTest" time="0.316"/>
  <system-out><![CDATA[15:30:18.773 [Test worker] DEBUG org.springframework.test.context.junit4.SpringJUnit4ClassRunner - SpringJUnit4ClassRunner constructor called with [class com.kh7160.book.springboot.web.IndexControllerTest]
15:30:18.782 [Test worker] DEBUG org.springframework.test.context.BootstrapUtils - Instantiating CacheAwareContextLoaderDelegate from class [org.springframework.test.context.cache.DefaultCacheAwareContextLoaderDelegate]
15:30:18.790 [Test worker] DEBUG org.springframework.test.context.BootstrapUtils - Instantiating BootstrapContext using constructor [public org.springframework.test.context.support.DefaultBootstrapContext(java.lang.Class,org.springframework.test.context.CacheAwareContextLoaderDelegate)]
15:30:18.808 [Test worker] DEBUG org.springframework.test.context.BootstrapUtils - Instantiating TestContextBootstrapper for test class [com.kh7160.book.springboot.web.IndexControllerTest] from class [org.springframework.boot.test.context.SpringBootTestContextBootstrapper]
15:30:18.820 [Test worker] INFO org.springframework.boot.test.context.SpringBootTestContextBootstrapper - Neither @ContextConfiguration nor @ContextHierarchy found for test class [com.kh7160.book.springboot.web.IndexControllerTest], using SpringBootContextLoader
15:30:18.822 [Test worker] DEBUG org.springframework.test.context.support.AbstractContextLoader - Did not detect default resource location for test class [com.kh7160.book.springboot.web.IndexControllerTest]: class path resource [com/kh7160/book/springboot/web/IndexControllerTest-context.xml] does not exist
15:30:18.823 [Test worker] DEBUG org.springframework.test.context.support.AbstractContextLoader - Did not detect default resource location for test class [com.kh7160.book.springboot.web.IndexControllerTest]: class path resource [com/kh7160/book/springboot/web/IndexControllerTestContext.groovy] does not exist
15:30:18.823 [Test worker] INFO org.springframework.test.context.support.AbstractContextLoader - Could not detect default resource locations for test class [com.kh7160.book.springboot.web.IndexControllerTest]: no resource found for suffixes {-context.xml, Context.groovy}.
15:30:18.823 [Test worker] INFO org.springframework.test.context.support.AnnotationConfigContextLoaderUtils - Could not detect default configuration classes for test class [com.kh7160.book.springboot.web.IndexControllerTest]: IndexControllerTest does not declare any static, non-private, non-final, nested classes annotated with @Configuration.
15:30:18.860 [Test worker] DEBUG org.springframework.test.context.support.ActiveProfilesUtils - Could not find an 'annotation declaring class' for annotation type [org.springframework.test.context.ActiveProfiles] and class [com.kh7160.book.springboot.web.IndexControllerTest]
15:30:18.939 [Test worker] DEBUG org.springframework.context.annotation.ClassPathScanningCandidateComponentProvider - Identified candidate component class: file [/Users/jangkh/freelec-springboot-webservice/build/classes/java/main/com/kh7160/book/springboot/Application.class]
15:30:18.940 [Test worker] INFO org.springframework.boot.test.context.SpringBootTestContextBootstrapper - Found @SpringBootConfiguration com.kh7160.book.springboot.Application for test class com.kh7160.book.springboot.web.IndexControllerTest
15:30:19.020 [Test worker] DEBUG org.springframework.boot.test.context.SpringBootTestContextBootstrapper - @TestExecutionListeners is not present for class [com.kh7160.book.springboot.web.IndexControllerTest]: using defaults.
15:30:19.021 [Test worker] INFO org.springframework.boot.test.context.SpringBootTestContextBootstrapper - Loaded default TestExecutionListener class names from location [META-INF/spring.factories]: [org.springframework.security.test.context.support.WithSecurityContextTestExecutionListener, org.springframework.security.test.context.support.ReactorContextTestExecutionListener, org.springframework.boot.test.autoconfigure.restdocs.RestDocsTestExecutionListener, org.springframework.boot.test.autoconfigure.web.client.MockRestServiceServerResetTestExecutionListener, org.springframework.boot.test.autoconfigure.web.servlet.MockMvcPrintOnlyOnFailureTestExecutionListener, org.springframework.boot.test.autoconfigure.web.servlet.WebDriverTestExecutionListener, org.springframework.boot.test.mock.mockito.MockitoTestExecutionListener, org.springframework.boot.test.mock.mockito.ResetMocksTestExecutionListener, org.springframework.test.context.web.ServletTestExecutionListener, org.springframework.test.context.support.DirtiesContextBeforeModesTestExecutionListener, org.springframework.test.context.support.DependencyInjectionTestExecutionListener, org.springframework.test.context.support.DirtiesContextTestExecutionListener, org.springframework.test.context.transaction.TransactionalTestExecutionListener, org.springframework.test.context.jdbc.SqlScriptsTestExecutionListener]
15:30:19.036 [Test worker] INFO org.springframework.boot.test.context.SpringBootTestContextBootstrapper - Using TestExecutionListeners: [org.springframework.test.context.web.ServletTestExecutionListener@47de3b7e, org.springframework.test.context.support.DirtiesContextBeforeModesTestExecutionListener@54921146, org.springframework.boot.test.mock.mockito.MockitoTestExecutionListener@2b052aa3, org.springframework.boot.test.autoconfigure.SpringBootDependencyInjectionTestExecutionListener@78cb0098, org.springframework.test.context.support.DirtiesContextTestExecutionListener@4ef8d134, org.springframework.test.context.transaction.TransactionalTestExecutionListener@a24f18c, org.springframework.test.context.jdbc.SqlScriptsTestExecutionListener@8f69259, org.springframework.security.test.context.support.WithSecurityContextTestExecutionListener@28998c1f, org.springframework.security.test.context.support.ReactorContextTestExecutionListener@20e08949, org.springframework.boot.test.autoconfigure.restdocs.RestDocsTestExecutionListener@d65b448, org.springframework.boot.test.autoconfigure.web.client.MockRestServiceServerResetTestExecutionListener@313d8be7, org.springframework.boot.test.autoconfigure.web.servlet.MockMvcPrintOnlyOnFailureTestExecutionListener@552000ab, org.springframework.boot.test.autoconfigure.web.servlet.WebDriverTestExecutionListener@71ae7187, org.springframework.boot.test.mock.mockito.ResetMocksTestExecutionListener@51495c0e]
15:30:19.038 [Test worker] DEBUG org.springframework.test.annotation.ProfileValueUtils - Retrieved @ProfileValueSourceConfiguration [null] for test class [com.kh7160.book.springboot.web.IndexControllerTest]
15:30:19.038 [Test worker] DEBUG org.springframework.test.annotation.ProfileValueUtils - Retrieved ProfileValueSource type [class org.springframework.test.annotation.SystemProfileValueSource] for class [com.kh7160.book.springboot.web.IndexControllerTest]
15:30:19.038 [Test worker] DEBUG org.springframework.test.annotation.ProfileValueUtils - Retrieved @ProfileValueSourceConfiguration [null] for test class [com.kh7160.book.springboot.web.IndexControllerTest]
15:30:19.039 [Test worker] DEBUG org.springframework.test.annotation.ProfileValueUtils - Retrieved ProfileValueSource type [class org.springframework.test.annotation.SystemProfileValueSource] for class [com.kh7160.book.springboot.web.IndexControllerTest]
15:30:19.042 [Test worker] DEBUG org.springframework.test.context.support.AbstractDirtiesContextTestExecutionListener - Before test class: context [DefaultTestContext@36e154f8 testClass = IndexControllerTest, testInstance = [null], testMethod = [null], testException = [null], mergedContextConfiguration = [WebMergedContextConfiguration@4db7f7a0 testClass = IndexControllerTest, locations = '{}', classes = '{class com.kh7160.book.springboot.Application}', contextInitializerClasses = '[]', activeProfiles = '{}', propertySourceLocations = '{}', propertySourceProperties = '{org.springframework.boot.test.context.SpringBootTestContextBootstrapper=true, server.port=0}', contextCustomizers = set[org.springframework.boot.test.autoconfigure.properties.PropertyMappingContextCustomizer@0, org.springframework.boot.test.autoconfigure.web.servlet.WebDriverContextCustomizerFactory$Customizer@766536ce, org.springframework.boot.test.context.filter.ExcludeFilterContextCustomizer@5001bb68, org.springframework.boot.test.json.DuplicateJsonObjectContextCustomizerFactory$DuplicateJsonObjectContextCustomizer@6f7032e7, org.springframework.boot.test.mock.mockito.MockitoContextCustomizer@0, org.springframework.boot.test.web.client.TestRestTemplateContextCustomizer@6ce58ff3], resourceBasePath = 'src/main/webapp', contextLoader = 'org.springframework.boot.test.context.SpringBootContextLoader', parent = [null]], attributes = map['org.springframework.test.context.web.ServletTestExecutionListener.activateListener' -> false]], class annotated with @DirtiesContext [false] with mode [null].
15:30:19.042 [Test worker] DEBUG org.springframework.test.annotation.ProfileValueUtils - Retrieved @ProfileValueSourceConfiguration [null] for test class [com.kh7160.book.springboot.web.IndexControllerTest]
15:30:19.042 [Test worker] DEBUG org.springframework.test.annotation.ProfileValueUtils - Retrieved ProfileValueSource type [class org.springframework.test.annotation.SystemProfileValueSource] for class [com.kh7160.book.springboot.web.IndexControllerTest]
15:30:19.046 [Test worker] DEBUG org.springframework.test.context.support.DependencyInjectionTestExecutionListener - Performing dependency injection for test context [[DefaultTestContext@36e154f8 testClass = IndexControllerTest, testInstance = com.kh7160.book.springboot.web.IndexControllerTest@6ba05d12, testMethod = [null], testException = [null], mergedContextConfiguration = [WebMergedContextConfiguration@4db7f7a0 testClass = IndexControllerTest, locations = '{}', classes = '{class com.kh7160.book.springboot.Application}', contextInitializerClasses = '[]', activeProfiles = '{}', propertySourceLocations = '{}', propertySourceProperties = '{org.springframework.boot.test.context.SpringBootTestContextBootstrapper=true, server.port=0}', contextCustomizers = set[org.springframework.boot.test.autoconfigure.properties.PropertyMappingContextCustomizer@0, org.springframework.boot.test.autoconfigure.web.servlet.WebDriverContextCustomizerFactory$Customizer@766536ce, org.springframework.boot.test.context.filter.ExcludeFilterContextCustomizer@5001bb68, org.springframework.boot.test.json.DuplicateJsonObjectContextCustomizerFactory$DuplicateJsonObjectContextCustomizer@6f7032e7, org.springframework.boot.test.mock.mockito.MockitoContextCustomizer@0, org.springframework.boot.test.web.client.TestRestTemplateContextCustomizer@6ce58ff3], resourceBasePath = 'src/main/webapp', contextLoader = 'org.springframework.boot.test.context.SpringBootContextLoader', parent = [null]], attributes = map['org.springframework.test.context.web.ServletTestExecutionListener.activateListener' -> false]]].
15:30:19.060 [Test worker] DEBUG org.springframework.test.context.support.TestPropertySourceUtils - Adding inlined properties to environment: {spring.jmx.enabled=false, org.springframework.boot.test.context.SpringBootTestContextBootstrapper=true, server.port=0}

  .   ____          _            __ _ _
 /\\ / ___'_ __ _ _(_)_ __  __ _ \ \ \ \
( ( )\___ | '_ | '_| | '_ \/ _` | \ \ \ \
 \\/  ___)| |_)| | | | | || (_| |  ) ) ) )
  '  |____| .__|_| |_|_| |_\__, | / / / /
 =========|_|==============|___/=/_/_/_/
 :: Spring Boot ::        (v2.1.7.RELEASE)

2021-01-16 15:30:19.413  INFO 75166 --- [    Test worker] c.k.b.s.web.IndexControllerTest          : Starting IndexControllerTest on jang-gihyeog-ui-MacBookPro.local with PID 75166 (started by jangkh in /Users/jangkh/freelec-springboot-webservice)
2021-01-16 15:30:19.414  INFO 75166 --- [    Test worker] c.k.b.s.web.IndexControllerTest          : No active profile set, falling back to default profiles: default
2021-01-16 15:30:20.004  INFO 75166 --- [    Test worker] .s.d.r.c.RepositoryConfigurationDelegate : Bootstrapping Spring Data repositories in DEFAULT mode.
2021-01-16 15:30:20.076  INFO 75166 --- [    Test worker] .s.d.r.c.RepositoryConfigurationDelegate : Finished Spring Data repository scanning in 63ms. Found 2 repository interfaces.
2021-01-16 15:30:20.501  INFO 75166 --- [    Test worker] trationDelegate$BeanPostProcessorChecker : Bean 'org.springframework.transaction.annotation.ProxyTransactionManagementConfiguration' of type [org.springframework.transaction.annotation.ProxyTransactionManagementConfiguration$$EnhancerBySpringCGLIB$$9de684bc] is not eligible for getting processed by all BeanPostProcessors (for example: not eligible for auto-proxying)
2021-01-16 15:30:20.827  INFO 75166 --- [    Test worker] o.s.b.w.embedded.tomcat.TomcatWebServer  : Tomcat initialized with port(s): 0 (http)
2021-01-16 15:30:20.850  INFO 75166 --- [    Test worker] o.apache.catalina.core.StandardService   : Starting service [Tomcat]
2021-01-16 15:30:20.850  INFO 75166 --- [    Test worker] org.apache.catalina.core.StandardEngine  : Starting Servlet engine: [Apache Tomcat/9.0.22]
2021-01-16 15:30:20.936  INFO 75166 --- [    Test worker] o.a.c.c.C.[Tomcat].[localhost].[/]       : Initializing Spring embedded WebApplicationContext
2021-01-16 15:30:20.936  INFO 75166 --- [    Test worker] o.s.web.context.ContextLoader            : Root WebApplicationContext: initialization completed in 1510 ms
2021-01-16 15:30:21.151  INFO 75166 --- [    Test worker] com.zaxxer.hikari.HikariDataSource       : HikariPool-1 - Starting...
2021-01-16 15:30:21.288  INFO 75166 --- [    Test worker] com.zaxxer.hikari.HikariDataSource       : HikariPool-1 - Start completed.
2021-01-16 15:30:21.368  INFO 75166 --- [    Test worker] o.hibernate.jpa.internal.util.LogHelper  : HHH000204: Processing PersistenceUnitInfo [
	name: default
	...]
2021-01-16 15:30:21.438  INFO 75166 --- [    Test worker] org.hibernate.Version                    : HHH000412: Hibernate Core {5.3.10.Final}
2021-01-16 15:30:21.439  INFO 75166 --- [    Test worker] org.hibernate.cfg.Environment            : HHH000206: hibernate.properties not found
2021-01-16 15:30:21.567  INFO 75166 --- [    Test worker] o.hibernate.annotations.common.Version   : HCANN000001: Hibernate Commons Annotations {5.0.4.Final}
2021-01-16 15:30:21.702  INFO 75166 --- [    Test worker] org.hibernate.dialect.Dialect            : HHH000400: Using dialect: org.hibernate.dialect.MySQL5InnoDBDialect
Hibernate: drop table if exists posts
Hibernate: drop table if exists user
Hibernate: create table posts (id bigint not null auto_increment, created_date datetime, modified_date datetime, author varchar(255), content TEXT not null, title varchar(500) not null, primary key (id)) engine=InnoDB
Hibernate: create table user (id bigint not null auto_increment, created_date datetime, modified_date datetime, email varchar(255) not null, name varchar(255) not null, picture varchar(255), role varchar(255), primary key (id)) engine=InnoDB
2021-01-16 15:30:22.280  INFO 75166 --- [    Test worker] o.h.t.schema.internal.SchemaCreatorImpl  : HHH000476: Executing import script 'org.hibernate.tool.schema.internal.exec.ScriptSourceInputNonExistentImpl@2f439a16'
2021-01-16 15:30:22.282  INFO 75166 --- [    Test worker] j.LocalContainerEntityManagerFactoryBean : Initialized JPA EntityManagerFactory for persistence unit 'default'
2021-01-16 15:30:22.989  INFO 75166 --- [    Test worker] o.h.h.i.QueryTranslatorFactoryInitiator  : HHH000397: Using ASTQueryTranslatorFactory
2021-01-16 15:30:23.322  INFO 75166 --- [    Test worker] o.s.s.web.DefaultSecurityFilterChain     : Creating filter chain: any request, [org.springframework.security.web.context.request.async.WebAsyncManagerIntegrationFilter@1f9ad7e8, org.springframework.security.web.context.SecurityContextPersistenceFilter@5e9d38aa, org.springframework.security.web.header.HeaderWriterFilter@5a570642, org.springframework.security.web.authentication.logout.LogoutFilter@576f7e59, org.springframework.security.oauth2.client.web.OAuth2AuthorizationRequestRedirectFilter@43c14fd6, org.springframework.security.oauth2.client.web.OAuth2LoginAuthenticationFilter@27d77041, org.springframework.security.web.authentication.ui.DefaultLoginPageGeneratingFilter@3685c831, org.springframework.security.web.authentication.ui.DefaultLogoutPageGeneratingFilter@12608e6f, org.springframework.security.web.savedrequest.RequestCacheAwareFilter@4fd72e6c, org.springframework.security.web.servletapi.SecurityContextHolderAwareRequestFilter@2c95faba, org.springframework.security.web.authentication.AnonymousAuthenticationFilter@6b1dc378, org.springframework.security.web.session.SessionManagementFilter@563cbb28, org.springframework.security.web.access.ExceptionTranslationFilter@611e7682, org.springframework.security.web.access.intercept.FilterSecurityInterceptor@2c521fd]
2021-01-16 15:30:23.603  INFO 75166 --- [    Test worker] o.s.s.concurrent.ThreadPoolTaskExecutor  : Initializing ExecutorService 'applicationTaskExecutor'
2021-01-16 15:30:23.661  WARN 75166 --- [    Test worker] aWebConfiguration$JpaWebMvcConfiguration : spring.jpa.open-in-view is enabled by default. Therefore, database queries may be performed during view rendering. Explicitly configure spring.jpa.open-in-view to disable this warning
2021-01-16 15:30:23.718  INFO 75166 --- [    Test worker] o.s.b.a.w.s.WelcomePageHandlerMapping    : Adding welcome page template: index
2021-01-16 15:30:24.037  INFO 75166 --- [    Test worker] s.a.ScheduledAnnotationBeanPostProcessor : No TaskScheduler/ScheduledExecutorService bean found for scheduled processing
2021-01-16 15:30:24.062  INFO 75166 --- [    Test worker] o.s.b.w.embedded.tomcat.TomcatWebServer  : Tomcat started on port(s): 52159 (http) with context path ''
2021-01-16 15:30:24.064  INFO 75166 --- [    Test worker] c.k.b.s.web.IndexControllerTest          : Started IndexControllerTest in 5.003 seconds (JVM running for 5.839)
2021-01-16 15:30:24.212  INFO 75166 --- [o-auto-1-exec-1] o.a.c.c.C.[Tomcat].[localhost].[/]       : Initializing Spring DispatcherServlet 'dispatcherServlet'
2021-01-16 15:30:24.213  INFO 75166 --- [o-auto-1-exec-1] o.s.web.servlet.DispatcherServlet        : Initializing Servlet 'dispatcherServlet'
2021-01-16 15:30:24.231  INFO 75166 --- [o-auto-1-exec-1] o.s.web.servlet.DispatcherServlet        : Completed initialization in 18 ms
Hibernate: select posts0_.id as id1_0_, posts0_.created_date as created_2_0_, posts0_.modified_date as modified3_0_, posts0_.author as author4_0_, posts0_.content as content5_0_, posts0_.title as title6_0_ from posts posts0_ order by posts0_.id DESC
]]></system-out>
  <system-err><![CDATA[]]></system-err>
</testsuite>
